# JRE version: OpenJDK Runtime Environment (8.0_212-b04) (build 1.8.0_212-release-1586-b04)
# Java VM: OpenJDK 64-Bit Server VM (25.212-b04 mixed mode windows-amd64 compressed oops)
Heap:
 PSYoungGen      total 140288K, used 67773K [0x00000000e0000000, 0x00000000eb000000, 0x0000000100000000)
  eden space 126464K, 42% used [0x00000000e0000000,0x00000000e34b42c8,0x00000000e7b80000)
  from space 13824K, 99% used [0x00000000e7b80000,0x00000000e88fb300,0x00000000e8900000)
  to   space 17408K, 0% used [0x00000000e9f00000,0x00000000e9f00000,0x00000000eb000000)
 ParOldGen       total 113152K, used 25439K [0x00000000a0000000, 0x00000000a6e80000, 0x00000000e0000000)
  object space 113152K, 22% used [0x00000000a0000000,0x00000000a18d7da0,0x00000000a6e80000)
 Metaspace       used 56201K, capacity 58114K, committed 58368K, reserved 1099776K
  class space    used 7635K, capacity 8090K, committed 8192K, reserved 1048576K
GC Heap History (10 events):
Event: 8.520 GC heap before
{Heap before GC invocations=7 (full 1):
 PSYoungGen      total 74240K, used 71130K [0x00000000e0000000, 0x00000000e6e80000, 0x0000000100000000)
  eden space 64000K, 100% used [0x00000000e0000000,0x00000000e3e80000,0x00000000e3e80000)
  from space 10240K, 69% used [0x00000000e3e80000,0x00000000e4576a88,0x00000000e4880000)
  to   space 12800K, 0% used [0x00000000e6200000,0x00000000e6200000,0x00000000e6e80000)
 ParOldGen       total 113152K, used 9166K [0x00000000a0000000, 0x00000000a6e80000, 0x00000000e0000000)
  object space 113152K, 8% used [0x00000000a0000000,0x00000000a08f3a98,0x00000000a6e80000)
 Metaspace       used 31777K, capacity 32488K, committed 32768K, reserved 1077248K
  class space    used 4307K, capacity 4515K, committed 4608K, reserved 1048576K
Event: 8.562 GC heap after
Heap after GC invocations=7 (full 1):
 PSYoungGen      total 100864K, used 8694K [0x00000000e0000000, 0x00000000e7400000, 0x0000000100000000)
  eden space 88064K, 0% used [0x00000000e0000000,0x00000000e0000000,0x00000000e5600000)
  from space 12800K, 67% used [0x00000000e6200000,0x00000000e6a7db70,0x00000000e6e80000)
  to   space 12288K, 0% used [0x00000000e5600000,0x00000000e5600000,0x00000000e6200000)
 ParOldGen       total 113152K, used 9174K [0x00000000a0000000, 0x00000000a6e80000, 0x00000000e0000000)
  object space 113152K, 8% used [0x00000000a0000000,0x00000000a08f5a98,0x00000000a6e80000)
 Metaspace       used 31777K, capacity 32488K, committed 32768K, reserved 1077248K
  class space    used 4307K, capacity 4515K, committed 4608K, reserved 1048576K
}
Event: 9.827 GC heap before
{Heap before GC invocations=8 (full 1):
 PSYoungGen      total 100864K, used 74733K [0x00000000e0000000, 0x00000000e7400000, 0x0000000100000000)
  eden space 88064K, 74% used [0x00000000e0000000,0x00000000e407d960,0x00000000e5600000)
  from space 12800K, 67% used [0x00000000e6200000,0x00000000e6a7db70,0x00000000e6e80000)
  to   space 12288K, 0% used [0x00000000e5600000,0x00000000e5600000,0x00000000e6200000)
 ParOldGen       total 113152K, used 9174K [0x00000000a0000000, 0x00000000a6e80000, 0x00000000e0000000)
  object space 113152K, 8% used [0x00000000a0000000,0x00000000a08f5a98,0x00000000a6e80000)
 Metaspace       used 34612K, capacity 35396K, committed 35496K, reserved 1079296K
  class space    used 4769K, capacity 5029K, committed 5120K, reserved 1048576K
Event: 9.855 GC heap after
Heap after GC invocations=8 (full 1):
 PSYoungGen      total 100352K, used 11926K [0x00000000e0000000, 0x00000000e9800000, 0x0000000100000000)
  eden space 88064K, 0% used [0x00000000e0000000,0x00000000e0000000,0x00000000e5600000)
  from space 12288K, 97% used [0x00000000e5600000,0x00000000e61a5b78,0x00000000e6200000)
  to   space 13312K, 0% used [0x00000000e8b00000,0x00000000e8b00000,0x00000000e9800000)
 ParOldGen       total 113152K, used 9182K [0x00000000a0000000, 0x00000000a6e80000, 0x00000000e0000000)
  object space 113152K, 8% used [0x00000000a0000000,0x00000000a08f7a98,0x00000000a6e80000)
 Metaspace       used 34612K, capacity 35396K, committed 35496K, reserved 1079296K
  class space    used 4769K, capacity 5029K, committed 5120K, reserved 1048576K
}
Event: 9.855 GC heap before
{Heap before GC invocations=9 (full 2):
 PSYoungGen      total 100352K, used 11926K [0x00000000e0000000, 0x00000000e9800000, 0x0000000100000000)
  eden space 88064K, 0% used [0x00000000e0000000,0x00000000e0000000,0x00000000e5600000)
  from space 12288K, 97% used [0x00000000e5600000,0x00000000e61a5b78,0x00000000e6200000)
  to   space 13312K, 0% used [0x00000000e8b00000,0x00000000e8b00000,0x00000000e9800000)
 ParOldGen       total 113152K, used 9182K [0x00000000a0000000, 0x00000000a6e80000, 0x00000000e0000000)
  object space 113152K, 8% used [0x00000000a0000000,0x00000000a08f7a98,0x00000000a6e80000)
 Metaspace       used 34612K, capacity 35396K, committed 35496K, reserved 1079296K
  class space    used 4769K, capacity 5029K, committed 5120K, reserved 1048576K
Event: 10.013 GC heap after
Heap after GC invocations=9 (full 2):
 PSYoungGen      total 100352K, used 0K [0x00000000e0000000, 0x00000000e9800000, 0x0000000100000000)
  eden space 88064K, 0% used [0x00000000e0000000,0x00000000e0000000,0x00000000e5600000)
  from space 12288K, 0% used [0x00000000e5600000,0x00000000e5600000,0x00000000e6200000)
  to   space 13312K, 0% used [0x00000000e8b00000,0x00000000e8b00000,0x00000000e9800000)
 ParOldGen       total 113152K, used 19540K [0x00000000a0000000, 0x00000000a6e80000, 0x00000000e0000000)
  object space 113152K, 17% used [0x00000000a0000000,0x00000000a13152c0,0x00000000a6e80000)
 Metaspace       used 34612K, capacity 35396K, committed 35496K, reserved 1079296K
  class space    used 4769K, capacity 5029K, committed 5120K, reserved 1048576K
}
Event: 12.560 GC heap before
{Heap before GC invocations=10 (full 2):
 PSYoungGen      total 100352K, used 88064K [0x00000000e0000000, 0x00000000e9800000, 0x0000000100000000)
  eden space 88064K, 100% used [0x00000000e0000000,0x00000000e5600000,0x00000000e5600000)
  from space 12288K, 0% used [0x00000000e5600000,0x00000000e5600000,0x00000000e6200000)
  to   space 13312K, 0% used [0x00000000e8b00000,0x00000000e8b00000,0x00000000e9800000)
 ParOldGen       total 113152K, used 19540K [0x00000000a0000000, 0x00000000a6e80000, 0x00000000e0000000)
  object space 113152K, 17% used [0x00000000a0000000,0x00000000a13152c0,0x00000000a6e80000)
 Metaspace       used 42421K, capacity 43662K, committed 43904K, reserved 1087488K
  class space    used 5726K, capacity 6006K, committed 6016K, reserved 1048576K
Event: 12.593 GC heap after
Heap after GC invocations=10 (full 2):
 PSYoungGen      total 131584K, used 11404K [0x00000000e0000000, 0x00000000e9680000, 0x0000000100000000)
  eden space 119808K, 0% used [0x00000000e0000000,0x00000000e0000000,0x00000000e7500000)
  from space 11776K, 96% used [0x00000000e8b00000,0x00000000e9623180,0x00000000e9680000)
  to   space 13824K, 0% used [0x00000000e7b80000,0x00000000e7b80000,0x00000000e8900000)
 ParOldGen       total 113152K, used 19548K [0x00000000a0000000, 0x00000000a6e80000, 0x00000000e0000000)
  object space 113152K, 17% used [0x00000000a0000000,0x00000000a13172c0,0x00000000a6e80000)
 Metaspace       used 42421K, capacity 43662K, committed 43904K, reserved 1087488K
  class space    used 5726K, capacity 6006K, committed 6016K, reserved 1048576K
}
Event: 16.759 GC heap before
{Heap before GC invocations=11 (full 2):
 PSYoungGen      total 131584K, used 131212K [0x00000000e0000000, 0x00000000e9680000, 0x0000000100000000)
  eden space 119808K, 100% used [0x00000000e0000000,0x00000000e7500000,0x00000000e7500000)
  from space 11776K, 96% used [0x00000000e8b00000,0x00000000e9623180,0x00000000e9680000)
  to   space 13824K, 0% used [0x00000000e7b80000,0x00000000e7b80000,0x00000000e8900000)
 ParOldGen       total 113152K, used 19548K [0x00000000a0000000, 0x00000000a6e80000, 0x00000000e0000000)
  object space 113152K, 17% used [0x00000000a0000000,0x00000000a13172c0,0x00000000a6e80000)
 Metaspace       used 51529K, capacity 53208K, committed 53376K, reserved 1095680K
  class space    used 6883K, capacity 7262K, committed 7296K, reserved 1048576K
Event: 16.834 GC heap after
Heap after GC invocations=11 (full 2):
 PSYoungGen      total 140288K, used 13804K [0x00000000e0000000, 0x00000000eb000000, 0x0000000100000000)
  eden space 126464K, 0% used [0x00000000e0000000,0x00000000e0000000,0x00000000e7b80000)
  from space 13824K, 99% used [0x00000000e7b80000,0x00000000e88fb300,0x00000000e8900000)
  to   space 17408K, 0% used [0x00000000e9f00000,0x00000000e9f00000,0x00000000eb000000)
 ParOldGen       total 113152K, used 25439K [0x00000000a0000000, 0x00000000a6e80000, 0x00000000e0000000)
  object space 113152K, 22% used [0x00000000a0000000,0x00000000a18d7da0,0x00000000a6e80000)
 Metaspace       used 51529K, capacity 53208K, committed 53376K, reserved 1095680K
  class space    used 6883K, capacity 7262K, committed 7296K, reserved 1048576K
}

